This is XeTeX, Version 3.14159265-2.6-0.999992 (TeX Live 2020/W32TeX) (preloaded format=xelatex 2020.7.20)  13 AUG 2020 22:47
entering extended mode
 restricted \write18 enabled.
 %&-line parsing enabled.
**Econometria-e-series-temporais-com-o-R.tex
(./Econometria-e-series-temporais-com-o-R.tex
LaTeX2e <2020-02-02> patch level 5
L3 programming layer <2020-07-17>
(c:/Users/Cleber.PROFCLEBER/AppData/Roaming/TinyTeX/texmf-dist/tex/latex/base/b
ook.cls
Document Class: book 2019/12/20 v1.4l Standard LaTeX document class

(c:/Users/Cleber.PROFCLEBER/AppData/Roaming/TinyTeX/texmf-dist/tex/latex/base/b
k10.clo
File: bk10.clo 2019/12/20 v1.4l Standard LaTeX file (size option)
)
\c@part=\count164
\c@chapter=\count165
\c@section=\count166
\c@subsection=\count167
\c@subsubsection=\count168
\c@paragraph=\count169
\c@subparagraph=\count170
\c@figure=\count171
\c@table=\count172
\abovecaptionskip=\skip47
\belowcaptionskip=\skip48
\bibindent=\dimen134
)
(c:/Users/Cleber.PROFCLEBER/AppData/Roaming/TinyTeX/texmf-dist/tex/latex/lm/lmo
dern.sty
Package: lmodern 2009/10/30 v1.6 Latin Modern Fonts
LaTeX Font Info:    Overwriting symbol font `operators' in version `normal'
(Font)                  OT1/cmr/m/n --> OT1/lmr/m/n on input line 22.
LaTeX Font Info:    Overwriting symbol font `letters' in version `normal'
(Font)                  OML/cmm/m/it --> OML/lmm/m/it on input line 23.
LaTeX Font Info:    Overwriting symbol font `symbols' in version `normal'
(Font)                  OMS/cmsy/m/n --> OMS/lmsy/m/n on input line 24.
LaTeX Font Info:    Overwriting symbol font `largesymbols' in version `normal'
(Font)                  OMX/cmex/m/n --> OMX/lmex/m/n on input line 25.
LaTeX Font Info:    Overwriting symbol font `operators' in version `bold'
(Font)                  OT1/cmr/bx/n --> OT1/lmr/bx/n on input line 26.
LaTeX Font Info:    Overwriting symbol font `letters' in version `bold'
(Font)                  OML/cmm/b/it --> OML/lmm/b/it on input line 27.
LaTeX Font Info:    Overwriting symbol font `symbols' in version `bold'
(Font)                  OMS/cmsy/b/n --> OMS/lmsy/b/n on input line 28.
LaTeX Font Info:    Overwriting symbol font `largesymbols' in version `bold'
(Font)                  OMX/cmex/m/n --> OMX/lmex/m/n on input line 29.
LaTeX Font Info:    Overwriting math alphabet `\mathbf' in version `normal'
(Font)                  OT1/cmr/bx/n --> OT1/lmr/bx/n on input line 31.
LaTeX Font Info:    Overwriting math alphabet `\mathsf' in version `normal'
(Font)                  OT1/cmss/m/n --> OT1/lmss/m/n on input line 32.
LaTeX Font Info:    Overwriting math alphabet `\mathit' in version `normal'
(Font)                  OT1/cmr/m/it --> OT1/lmr/m/it on input line 33.
LaTeX Font Info:    Overwriting math alphabet `\mathtt' in version `normal'
(Font)                  OT1/cmtt/m/n --> OT1/lmtt/m/n on input line 34.
LaTeX Font Info:    Overwriting math alphabet `\mathbf' in version `bold'
(Font)                  OT1/cmr/bx/n --> OT1/lmr/bx/n on input line 35.
LaTeX Font Info:    Overwriting math alphabet `\mathsf' in version `bold'
(Font)                  OT1/cmss/bx/n --> OT1/lmss/bx/n on input line 36.
LaTeX Font Info:    Overwriting math alphabet `\mathit' in version `bold'
(Font)                  OT1/cmr/bx/it --> OT1/lmr/bx/it on input line 37.
LaTeX Font Info:    Overwriting math alphabet `\mathtt' in version `bold'
(Font)                  OT1/cmtt/m/n --> OT1/lmtt/m/n on input line 38.
)
(c:/Users/Cleber.PROFCLEBER/AppData/Roaming/TinyTeX/texmf-dist/tex/latex/amsfon
ts/amssymb.sty
Package: amssymb 2013/01/14 v3.01 AMS font symbols

(c:/Users/Cleber.PROFCLEBER/AppData/Roaming/TinyTeX/texmf-dist/tex/latex/amsfon
ts/amsfonts.sty
Package: amsfonts 2013/01/14 v3.01 Basic AMSFonts support
\@emptytoks=\toks15
\symAMSa=\mathgroup4
\symAMSb=\mathgroup5
LaTeX Font Info:    Redeclaring math symbol \hbar on input line 98.
LaTeX Font Info:    Overwriting math alphabet `\mathfrak' in version `bold'
(Font)                  U/euf/m/n --> U/euf/b/n on input line 106.
))
(c:/Users/Cleber.PROFCLEBER/AppData/Roaming/TinyTeX/texmf-dist/tex/latex/amsmat
h/amsmath.sty
Package: amsmath 2020/01/20 v2.17e AMS math features
\@mathmargin=\skip49
For additional information on amsmath, use the `?' option.

(c:/Users/Cleber.PROFCLEBER/AppData/Roaming/TinyTeX/texmf-dist/tex/latex/amsmat
h/amstext.sty
Package: amstext 2000/06/29 v2.01 AMS text

(c:/Users/Cleber.PROFCLEBER/AppData/Roaming/TinyTeX/texmf-dist/tex/latex/amsmat
h/amsgen.sty
File: amsgen.sty 1999/11/30 v2.0 generic functions
\@emptytoks=\toks16
\ex@=\dimen135
))
(c:/Users/Cleber.PROFCLEBER/AppData/Roaming/TinyTeX/texmf-dist/tex/latex/amsmat
h/amsbsy.sty
Package: amsbsy 1999/11/29 v1.2d Bold Symbols
\pmbraise@=\dimen136
)
(c:/Users/Cleber.PROFCLEBER/AppData/Roaming/TinyTeX/texmf-dist/tex/latex/amsmat
h/amsopn.sty
Package: amsopn 2016/03/08 v2.02 operator names
)
\inf@bad=\count173
LaTeX Info: Redefining \frac on input line 227.
\uproot@=\count174
\leftroot@=\count175
LaTeX Info: Redefining \overline on input line 389.
\classnum@=\count176
\DOTSCASE@=\count177
LaTeX Info: Redefining \ldots on input line 486.
LaTeX Info: Redefining \dots on input line 489.
LaTeX Info: Redefining \cdots on input line 610.
\Mathstrutbox@=\box45
\strutbox@=\box46
\big@size=\dimen137
LaTeX Font Info:    Redeclaring font encoding OML on input line 733.
LaTeX Font Info:    Redeclaring font encoding OMS on input line 734.
\macc@depth=\count178
\c@MaxMatrixCols=\count179
\dotsspace@=\muskip16
\c@parentequation=\count180
\dspbrk@lvl=\count181
\tag@help=\toks17
\row@=\count182
\column@=\count183
\maxfields@=\count184
\andhelp@=\toks18
\eqnshift@=\dimen138
\alignsep@=\dimen139
\tagshift@=\dimen140
\tagwidth@=\dimen141
\totwidth@=\dimen142
\lineht@=\dimen143
\@envbody=\toks19
\multlinegap=\skip50
\multlinetaggap=\skip51
\mathdisplay@stack=\toks20
LaTeX Info: Redefining \[ on input line 2859.
LaTeX Info: Redefining \] on input line 2860.
)
(c:/Users/Cleber.PROFCLEBER/AppData/Roaming/TinyTeX/texmf-dist/tex/generic/ifte
x/ifxetex.sty
Package: ifxetex 2019/10/25 v0.7 ifxetex legacy package. Use iftex instead.

(c:/Users/Cleber.PROFCLEBER/AppData/Roaming/TinyTeX/texmf-dist/tex/generic/ifte
x/iftex.sty
Package: iftex 2020/03/06 v1.0d TeX engine tests
))
(c:/Users/Cleber.PROFCLEBER/AppData/Roaming/TinyTeX/texmf-dist/tex/generic/ifte
x/ifluatex.sty
Package: ifluatex 2019/10/25 v1.5 ifluatex legacy package. Use iftex instead.
)
(c:/Users/Cleber.PROFCLEBER/AppData/Roaming/TinyTeX/texmf-dist/tex/latex/unicod
e-math/unicode-math.sty
(c:/Users/Cleber.PROFCLEBER/AppData/Roaming/TinyTeX/texmf-dist/tex/latex/l3kern
el/expl3.sty
Package: expl3 2020-07-17 L3 programming layer (loader) 

(c:/Users/Cleber.PROFCLEBER/AppData/Roaming/TinyTeX/texmf-dist/tex/latex/l3back
end/l3backend-xdvipdfmx.def
File: l3backend-xdvipdfmx.def 2020-06-29 L3 backend support: xdvipdfmx
\g__graphics_track_int=\count185
\l__pdf_internal_box=\box47
\g__pdf_backend_object_int=\count186
\g__pdf_backend_annotation_int=\count187
))
Package: unicode-math 2020/01/31 v0.8q Unicode maths in XeLaTeX and LuaLaTeX

(c:/Users/Cleber.PROFCLEBER/AppData/Roaming/TinyTeX/texmf-dist/tex/latex/unicod
e-math/unicode-math-xetex.sty
Package: unicode-math-xetex 2020/01/31 v0.8q Unicode maths in XeLaTeX and LuaLa
TeX

(c:/Users/Cleber.PROFCLEBER/AppData/Roaming/TinyTeX/texmf-dist/tex/latex/l3pack
ages/xparse/xparse.sty
Package: xparse 2020-05-15 L3 Experimental document command parser

(c:/Users/Cleber.PROFCLEBER/AppData/Roaming/TinyTeX/texmf-dist/tex/latex/l3pack
ages/xparse/xparse-generic.tex
\l__xparse_current_arg_int=\count188
\g__xparse_grabber_int=\count189
\l__xparse_m_args_int=\count190
\l__xparse_v_nesting_int=\count191
))
(c:/Users/Cleber.PROFCLEBER/AppData/Roaming/TinyTeX/texmf-dist/tex/latex/l3pack
ages/l3keys2e/l3keys2e.sty
Package: l3keys2e 2020-05-15 LaTeX2e option processing using LaTeX3 keys
)
(c:/Users/Cleber.PROFCLEBER/AppData/Roaming/TinyTeX/texmf-dist/tex/latex/fontsp
ec/fontspec.sty
Package: fontspec 2020/02/21 v2.7i Font selection for XeLaTeX and LuaLaTeX

(c:/Users/Cleber.PROFCLEBER/AppData/Roaming/TinyTeX/texmf-dist/tex/latex/fontsp
ec/fontspec-xetex.sty
Package: fontspec-xetex 2020/02/21 v2.7i Font selection for XeLaTeX and LuaLaTe
X
\l__fontspec_script_int=\count192
\l__fontspec_language_int=\count193
\l__fontspec_strnum_int=\count194
\l__fontspec_tmp_int=\count195
\l__fontspec_tmpa_int=\count196
\l__fontspec_tmpb_int=\count197
\l__fontspec_tmpc_int=\count198
\l__fontspec_em_int=\count199
\l__fontspec_emdef_int=\count266
\l__fontspec_strong_int=\count267
\l__fontspec_strongdef_int=\count268
\l__fontspec_tmpa_dim=\dimen144
\l__fontspec_tmpb_dim=\dimen145
\l__fontspec_tmpc_dim=\dimen146

(c:/Users/Cleber.PROFCLEBER/AppData/Roaming/TinyTeX/texmf-dist/tex/latex/base/f
ontenc.sty
Package: fontenc 2020/02/11 v2.0o Standard LaTeX package
)
(c:/Users/Cleber.PROFCLEBER/AppData/Roaming/TinyTeX/texmf-dist/tex/latex/fontsp
ec/fontspec.cfg)))
(c:/Users/Cleber.PROFCLEBER/AppData/Roaming/TinyTeX/texmf-dist/tex/latex/base/f
ix-cm.sty
Package: fix-cm 2015/01/14 v1.1t fixes to LaTeX

(c:/Users/Cleber.PROFCLEBER/AppData/Roaming/TinyTeX/texmf-dist/tex/latex/base/t
s1enc.def
File: ts1enc.def 2001/06/05 v3.0e (jk/car/fm) Standard LaTeX file
LaTeX Font Info:    Redeclaring font encoding TS1 on input line 47.
))
\g__um_fam_int=\count269
\g__um_fonts_used_int=\count270
\l__um_primecount_int=\count271
\g__um_primekern_muskip=\muskip17

(c:/Users/Cleber.PROFCLEBER/AppData/Roaming/TinyTeX/texmf-dist/tex/latex/unicod
e-math/unicode-math-table.tex)))
(c:/Users/Cleber.PROFCLEBER/AppData/Roaming/TinyTeX/texmf-dist/tex/latex/xcolor
/xcolor.sty
Package: xcolor 2016/05/11 v2.12 LaTeX color extensions (UK)

(c:/Users/Cleber.PROFCLEBER/AppData/Roaming/TinyTeX/texmf-dist/tex/latex/graphi
cs-cfg/color.cfg
File: color.cfg 2016/01/02 v1.6 sample color configuration
)
Package xcolor Info: Driver file: xetex.def on input line 225.

(c:/Users/Cleber.PROFCLEBER/AppData/Roaming/TinyTeX/texmf-dist/tex/latex/graphi
cs-def/xetex.def
File: xetex.def 2017/06/24 v5.0h Graphics/color driver for xetex
)
Package xcolor Info: Model `cmy' substituted by `cmy0' on input line 1348.
Package xcolor Info: Model `RGB' extended on input line 1364.
Package xcolor Info: Model `HTML' substituted by `rgb' on input line 1366.
Package xcolor Info: Model `Hsb' substituted by `hsb' on input line 1367.
Package xcolor Info: Model `tHsb' substituted by `hsb' on input line 1368.
Package xcolor Info: Model `HSB' substituted by `hsb' on input line 1369.
Package xcolor Info: Model `Gray' substituted by `gray' on input line 1370.
Package xcolor Info: Model `wave' substituted by `hsb' on input line 1371.
)
(c:/Users/Cleber.PROFCLEBER/AppData/Roaming/TinyTeX/texmf-dist/tex/latex/hyperr
ef/hyperref.sty
Package: hyperref 2020-05-15 v7.00e Hypertext links for LaTeX

(c:/Users/Cleber.PROFCLEBER/AppData/Roaming/TinyTeX/texmf-dist/tex/generic/ltxc
mds/ltxcmds.sty
Package: ltxcmds 2019/12/15 v1.24 LaTeX kernel commands for general use (HO)
)
(c:/Users/Cleber.PROFCLEBER/AppData/Roaming/TinyTeX/texmf-dist/tex/generic/pdft
excmds/pdftexcmds.sty
Package: pdftexcmds 2020-06-27 v0.33 Utility functions of pdfTeX for LuaTeX (HO
)

(c:/Users/Cleber.PROFCLEBER/AppData/Roaming/TinyTeX/texmf-dist/tex/generic/infw
arerr/infwarerr.sty
Package: infwarerr 2019/12/03 v1.5 Providing info/warning/error messages (HO)
)
Package pdftexcmds Info: \pdf@primitive is available.
Package pdftexcmds Info: \pdf@ifprimitive is available.
Package pdftexcmds Info: \pdfdraftmode not found.
)
(c:/Users/Cleber.PROFCLEBER/AppData/Roaming/TinyTeX/texmf-dist/tex/latex/graphi
cs/keyval.sty
Package: keyval 2014/10/28 v1.15 key=value parser (DPC)
\KV@toks@=\toks21
)
(c:/Users/Cleber.PROFCLEBER/AppData/Roaming/TinyTeX/texmf-dist/tex/generic/kvse
tkeys/kvsetkeys.sty
Package: kvsetkeys 2019/12/15 v1.18 Key value parser (HO)
)
(c:/Users/Cleber.PROFCLEBER/AppData/Roaming/TinyTeX/texmf-dist/tex/generic/kvde
finekeys/kvdefinekeys.sty
Package: kvdefinekeys 2019-12-19 v1.6 Define keys (HO)
)
(c:/Users/Cleber.PROFCLEBER/AppData/Roaming/TinyTeX/texmf-dist/tex/generic/pdfe
scape/pdfescape.sty
Package: pdfescape 2019/12/09 v1.15 Implements pdfTeX's escape features (HO)
)
(c:/Users/Cleber.PROFCLEBER/AppData/Roaming/TinyTeX/texmf-dist/tex/latex/hycolo
r/hycolor.sty
Package: hycolor 2020-01-27 v1.10 Color options for hyperref/bookmark (HO)
)
(c:/Users/Cleber.PROFCLEBER/AppData/Roaming/TinyTeX/texmf-dist/tex/latex/letltx
macro/letltxmacro.sty
Package: letltxmacro 2019/12/03 v1.6 Let assignment for LaTeX macros (HO)
)
(c:/Users/Cleber.PROFCLEBER/AppData/Roaming/TinyTeX/texmf-dist/tex/latex/auxhoo
k/auxhook.sty
Package: auxhook 2019-12-17 v1.6 Hooks for auxiliary files (HO)
)
(c:/Users/Cleber.PROFCLEBER/AppData/Roaming/TinyTeX/texmf-dist/tex/latex/kvopti
ons/kvoptions.sty
Package: kvoptions 2019/11/29 v3.13 Key value format for package options (HO)
)
\@linkdim=\dimen147
\Hy@linkcounter=\count272
\Hy@pagecounter=\count273

(c:/Users/Cleber.PROFCLEBER/AppData/Roaming/TinyTeX/texmf-dist/tex/latex/hyperr
ef/pd1enc.def
File: pd1enc.def 2020-05-15 v7.00e Hyperref: PDFDocEncoding definition (HO)
)
(c:/Users/Cleber.PROFCLEBER/AppData/Roaming/TinyTeX/texmf-dist/tex/generic/intc
alc/intcalc.sty
Package: intcalc 2019/12/15 v1.3 Expandable calculations with integers (HO)
)
(c:/Users/Cleber.PROFCLEBER/AppData/Roaming/TinyTeX/texmf-dist/tex/generic/etex
cmds/etexcmds.sty
Package: etexcmds 2019/12/15 v1.7 Avoid name clashes with e-TeX commands (HO)
)
\Hy@SavedSpaceFactor=\count274
Package hyperref Info: Option `unicode' set `true' on input line 4338.

(c:/Users/Cleber.PROFCLEBER/AppData/Roaming/TinyTeX/texmf-dist/tex/latex/hyperr
ef/puenc.def
File: puenc.def 2020-05-15 v7.00e Hyperref: PDF Unicode definition (HO)
)
Package hyperref Info: Hyper figures OFF on input line 4464.
Package hyperref Info: Link nesting OFF on input line 4469.
Package hyperref Info: Hyper index ON on input line 4472.
Package hyperref Info: Plain pages OFF on input line 4479.
Package hyperref Info: Backreferencing OFF on input line 4484.
Package hyperref Info: Implicit mode ON; LaTeX internals redefined.
Package hyperref Info: Bookmarks ON on input line 4717.
\c@Hy@tempcnt=\count275

(c:/Users/Cleber.PROFCLEBER/AppData/Roaming/TinyTeX/texmf-dist/tex/latex/url/ur
l.sty
\Urlmuskip=\muskip18
Package: url 2013/09/16  ver 3.4  Verb mode for urls, etc.
)
LaTeX Info: Redefining \url on input line 5076.
\XeTeXLinkMargin=\dimen148

(c:/Users/Cleber.PROFCLEBER/AppData/Roaming/TinyTeX/texmf-dist/tex/generic/bits
et/bitset.sty
Package: bitset 2019/12/09 v1.3 Handle bit-vector datatype (HO)

(c:/Users/Cleber.PROFCLEBER/AppData/Roaming/TinyTeX/texmf-dist/tex/generic/bigi
ntcalc/bigintcalc.sty
Package: bigintcalc 2019/12/15 v1.5 Expandable calculations on big integers (HO
)
))
\Fld@menulength=\count276
\Field@Width=\dimen149
\Fld@charsize=\dimen150
Package hyperref Info: Hyper figures OFF on input line 6347.
Package hyperref Info: Link nesting OFF on input line 6352.
Package hyperref Info: Hyper index ON on input line 6355.
Package hyperref Info: backreferencing OFF on input line 6362.
Package hyperref Info: Link coloring OFF on input line 6367.
Package hyperref Info: Link coloring with OCG OFF on input line 6372.
Package hyperref Info: PDF/A mode OFF on input line 6377.
LaTeX Info: Redefining \ref on input line 6417.
LaTeX Info: Redefining \pageref on input line 6421.

(c:/Users/Cleber.PROFCLEBER/AppData/Roaming/TinyTeX/texmf-dist/tex/generic/atbe
gshi/atbegshi.sty
Package: atbegshi 2019/12/05 v1.19 At begin shipout hook (HO)
)
\Hy@abspage=\count277
\c@Item=\count278
\c@Hfootnote=\count279
)
Package hyperref Info: Driver (autodetected): hxetex.

(c:/Users/Cleber.PROFCLEBER/AppData/Roaming/TinyTeX/texmf-dist/tex/latex/hyperr
ef/hxetex.def
File: hxetex.def 2020-05-15 v7.00e Hyperref driver for XeTeX

(c:/Users/Cleber.PROFCLEBER/AppData/Roaming/TinyTeX/texmf-dist/tex/generic/stri
ngenc/stringenc.sty
Package: stringenc 2019/11/29 v1.12 Convert strings between diff. encodings (HO
)
)
\pdfm@box=\box48
\c@Hy@AnnotLevel=\count280
\HyField@AnnotCount=\count281
\Fld@listcount=\count282
\c@bookmark@seq@number=\count283

(c:/Users/Cleber.PROFCLEBER/AppData/Roaming/TinyTeX/texmf-dist/tex/latex/rerunf
ilecheck/rerunfilecheck.sty
Package: rerunfilecheck 2019/12/05 v1.9 Rerun checks for auxiliary files (HO)

(c:/Users/Cleber.PROFCLEBER/AppData/Roaming/TinyTeX/texmf-dist/tex/latex/atvery
end/atveryend.sty
Package: atveryend 2019-12-11 v1.11 Hooks at the very end of document (HO)
Package atveryend Info: \enddocument detected (standard20110627).
)
(c:/Users/Cleber.PROFCLEBER/AppData/Roaming/TinyTeX/texmf-dist/tex/generic/uniq
uecounter/uniquecounter.sty
Package: uniquecounter 2019/12/15 v1.4 Provide unlimited unique counter (HO)
)
Package uniquecounter Info: New unique counter `rerunfilecheck' on input line 2
86.
)
\Hy@SectionHShift=\skip52
)
(c:/Users/Cleber.PROFCLEBER/AppData/Roaming/TinyTeX/texmf-dist/tex/latex/geomet
ry/geometry.sty
Package: geometry 2020/01/02 v5.9 Page Geometry

(c:/Users/Cleber.PROFCLEBER/AppData/Roaming/TinyTeX/texmf-dist/tex/generic/ifte
x/ifvtex.sty
Package: ifvtex 2019/10/25 v1.7 ifvtex legacy package. Use iftex instead.
)
\Gm@cnth=\count284
\Gm@cntv=\count285
\c@Gm@tempcnt=\count286
\Gm@bindingoffset=\dimen151
\Gm@wd@mp=\dimen152
\Gm@odd@mp=\dimen153
\Gm@even@mp=\dimen154
\Gm@layoutwidth=\dimen155
\Gm@layoutheight=\dimen156
\Gm@layouthoffset=\dimen157
\Gm@layoutvoffset=\dimen158
\Gm@dimlist=\toks22
)
(c:/Users/Cleber.PROFCLEBER/AppData/Roaming/TinyTeX/texmf-dist/tex/latex/fancyv
rb/fancyvrb.sty
Package: fancyvrb 2020/05/03 v3.6 verbatim text (tvz,hv)
\FV@CodeLineNo=\count287
\FV@InFile=\read2
\FV@TabBox=\box49
\c@FancyVerbLine=\count288
\FV@StepNumber=\count289
\FV@OutFile=\write3
)
(c:/Users/Cleber.PROFCLEBER/AppData/Roaming/TinyTeX/texmf-dist/tex/latex/framed
/framed.sty
Package: framed 2011/10/22 v 0.96: framed or shaded text with page breaks
\OuterFrameSep=\skip53
\fb@frw=\dimen159
\fb@frh=\dimen160
\FrameRule=\dimen161
\FrameSep=\dimen162
)
(c:/Users/Cleber.PROFCLEBER/AppData/Roaming/TinyTeX/texmf-dist/tex/latex/tools/
longtable.sty
Package: longtable 2020/01/07 v4.13 Multi-page Table package (DPC)
\LTleft=\skip54
\LTright=\skip55
\LTpre=\skip56
\LTpost=\skip57
\LTchunksize=\count290
\LTcapwidth=\dimen163
\LT@head=\box50
\LT@firsthead=\box51
\LT@foot=\box52
\LT@lastfoot=\box53
\LT@cols=\count291
\LT@rows=\count292
\c@LT@tables=\count293
\c@LT@chunks=\count294
\LT@p@ftn=\toks23
)
(c:/Users/Cleber.PROFCLEBER/AppData/Roaming/TinyTeX/texmf-dist/tex/latex/bookta
bs/booktabs.sty
Package: booktabs 2020/01/12 v1.61803398 Publication quality tables
\heavyrulewidth=\dimen164
\lightrulewidth=\dimen165
\cmidrulewidth=\dimen166
\belowrulesep=\dimen167
\belowbottomsep=\dimen168
\aboverulesep=\dimen169
\abovetopsep=\dimen170
\cmidrulesep=\dimen171
\cmidrulekern=\dimen172
\defaultaddspace=\dimen173
\@cmidla=\count295
\@cmidlb=\count296
\@aboverulesep=\dimen174
\@belowrulesep=\dimen175
\@thisruleclass=\count297
\@lastruleclass=\count298
\@thisrulewidth=\dimen176
)
(c:/Users/Cleber.PROFCLEBER/AppData/Roaming/TinyTeX/texmf-dist/tex/latex/etoolb
ox/etoolbox.sty
Package: etoolbox 2020/07/15 v2.5i e-TeX tools for LaTeX (JAW)
\etb@tempcnta=\count299
)
(c:/Users/Cleber.PROFCLEBER/AppData/Roaming/TinyTeX/texmf-dist/tex/latex/mdwtoo
ls/footnote.sty
Package: footnote 1997/01/28 1.13 Save footnotes around boxes
\fn@notes=\box54
\fn@width=\dimen177
)
(c:/Users/Cleber.PROFCLEBER/AppData/Roaming/TinyTeX/texmf-dist/tex/latex/graphi
cs/graphicx.sty
Package: graphicx 2019/11/30 v1.2a Enhanced LaTeX Graphics (DPC,SPQR)

(c:/Users/Cleber.PROFCLEBER/AppData/Roaming/TinyTeX/texmf-dist/tex/latex/graphi
cs/graphics.sty
Package: graphics 2019/11/30 v1.4a Standard LaTeX Graphics (DPC,SPQR)

(c:/Users/Cleber.PROFCLEBER/AppData/Roaming/TinyTeX/texmf-dist/tex/latex/graphi
cs/trig.sty
Package: trig 2016/01/03 v1.10 sin cos tan (DPC)
)
(c:/Users/Cleber.PROFCLEBER/AppData/Roaming/TinyTeX/texmf-dist/tex/latex/graphi
cs-cfg/graphics.cfg
File: graphics.cfg 2016/06/04 v1.11 sample graphics configuration
)
Package graphics Info: Driver file: xetex.def on input line 105.
)
\Gin@req@height=\dimen178
\Gin@req@width=\dimen179
)
(c:/Users/Cleber.PROFCLEBER/AppData/Roaming/TinyTeX/texmf-dist/tex/latex/grffil
e/grffile.sty
Package: grffile 2019/11/11 v2.1 Extended file name support for graphics (legac
y)
Package grffile Info: This package is an empty stub for compatibility on input 
line 40.
)
(c:/Users/Cleber.PROFCLEBER/AppData/Roaming/TinyTeX/texmf-dist/tex/latex/amscls
/amsthm.sty
Package: amsthm 2020/05/29 v2.20.6
\thm@style=\toks24
\thm@bodyfont=\toks25
\thm@headfont=\toks26
\thm@notefont=\toks27
\thm@headpunct=\toks28
\thm@preskip=\skip58
\thm@postskip=\skip59
\thm@headsep=\skip60
\dth@everypar=\toks29
)
(c:/Users/Cleber.PROFCLEBER/AppData/Roaming/TinyTeX/texmf-dist/tex/latex/bbm-ma
cros/bbm.sty
Package: bbm 1999/03/15 V 1.2 provides fonts for set symbols - TH
LaTeX Font Info:    Overwriting math alphabet `\mathbbm' in version `bold'
(Font)                  U/bbm/m/n --> U/bbm/bx/n on input line 33.
LaTeX Font Info:    Overwriting math alphabet `\mathbbmss' in version `bold'
(Font)                  U/bbmss/m/n --> U/bbmss/bx/n on input line 35.
)
(c:/Users/Cleber.PROFCLEBER/AppData/Roaming/TinyTeX/texmf-dist/tex/latex/natbib
/natbib.sty
Package: natbib 2010/09/13 8.31b (PWD, AO)
\bibhang=\skip61
\bibsep=\skip62
LaTeX Info: Redefining \cite on input line 694.
\c@NAT@ctr=\count300
)
\c@theorem=\count301
\c@lemma=\count302
\c@corollary=\count303
\c@proposition=\count304
\c@conjecture=\count305
\c@definition=\count306
\c@example=\count307
\c@exercise=\count308
(./Econometria-e-series-temporais-com-o-R.aux

LaTeX Warning: Label `variuxe2ncia-dos-estimadores-mqo' multiply defined.


LaTeX Warning: Label `exercuxedcios' multiply defined.


LaTeX Warning: Label `exercuxedcios' multiply defined.


LaTeX Warning: Label `exercuxedcios' multiply defined.


LaTeX Warning: Label `exercuxedcios' multiply defined.

)
\openout1 = `Econometria-e-series-temporais-com-o-R.aux'.

LaTeX Font Info:    Checking defaults for OML/cmm/m/it on input line 151.
LaTeX Font Info:    ... okay on input line 151.
LaTeX Font Info:    Checking defaults for OMS/cmsy/m/n on input line 151.
LaTeX Font Info:    ... okay on input line 151.
LaTeX Font Info:    Checking defaults for OT1/cmr/m/n on input line 151.
LaTeX Font Info:    ... okay on input line 151.
LaTeX Font Info:    Checking defaults for T1/cmr/m/n on input line 151.
LaTeX Font Info:    ... okay on input line 151.
LaTeX Font Info:    Checking defaults for TS1/cmr/m/n on input line 151.
LaTeX Font Info:    ... okay on input line 151.
LaTeX Font Info:    Checking defaults for TU/lmr/m/n on input line 151.
LaTeX Font Info:    ... okay on input line 151.
LaTeX Font Info:    Checking defaults for OMX/cmex/m/n on input line 151.
LaTeX Font Info:    ... okay on input line 151.
LaTeX Font Info:    Checking defaults for U/cmr/m/n on input line 151.
LaTeX Font Info:    ... okay on input line 151.
LaTeX Font Info:    Checking defaults for PD1/pdf/m/n on input line 151.
LaTeX Font Info:    ... okay on input line 151.
LaTeX Font Info:    Checking defaults for PU/pdf/m/n on input line 151.
LaTeX Font Info:    ... okay on input line 151.
LaTeX Font Info:    Overwriting math alphabet `\mathrm' in version `normal'
(Font)                  OT1/lmr/m/n --> TU/lmr/m/n on input line 151.
LaTeX Font Info:    Overwriting math alphabet `\mathit' in version `normal'
(Font)                  OT1/lmr/m/it --> TU/lmr/m/it on input line 151.
LaTeX Font Info:    Overwriting math alphabet `\mathbf' in version `normal'
(Font)                  OT1/lmr/bx/n --> TU/lmr/bx/n on input line 151.
LaTeX Font Info:    Overwriting math alphabet `\mathsf' in version `normal'
(Font)                  OT1/lmss/m/n --> TU/lmss/m/n on input line 151.
LaTeX Font Info:    Overwriting math alphabet `\mathsf' in version `bold'
(Font)                  OT1/lmss/bx/n --> TU/lmss/bx/n on input line 151.
LaTeX Font Info:    Overwriting math alphabet `\mathtt' in version `normal'
(Font)                  OT1/lmtt/m/n --> TU/lmtt/m/n on input line 151.
LaTeX Font Info:    Overwriting math alphabet `\mathtt' in version `bold'
(Font)                  OT1/lmtt/m/n --> TU/lmtt/bx/n on input line 151.

Package fontspec Info: latinmodern-math scale = 0.9999964596882403.


Package fontspec Info: latinmodern-math scale = 0.9999964596882403.


Package fontspec Info: latinmodern-math scale = 0.9999964596882403.


Package fontspec Info: Font family 'latinmodern-math.otf(0)' created for font
(fontspec)             'latinmodern-math.otf' with options
(fontspec)             [Scale=MatchLowercase,BoldItalicFont={},ItalicFont={},Sm
allCapsFont={},Script=Math,BoldFont={latinmodern-math.otf}].
(fontspec)              
(fontspec)              This font family consists of the following NFSS
(fontspec)             series/shapes:
(fontspec)              
(fontspec)             - 'normal' (m/n) with NFSS spec.:
(fontspec)             <->s*[0.9999964596882403]"[latinmodern-math.otf]/OT:scri
pt=math;language=dflt;"
(fontspec)             - 'small caps'  (m/sc) with NFSS spec.: 
(fontspec)             - 'bold' (b/n) with NFSS spec.:
(fontspec)             <->s*[0.9999964596882403]"[latinmodern-math.otf]/OT:scri
pt=math;language=dflt;"
(fontspec)             - 'bold small caps'  (b/sc) with NFSS spec.: 

LaTeX Font Info:    Font shape `TU/latinmodern-math.otf(0)/m/n' will be
(Font)              scaled to size 10.0pt on input line 151.

Package fontspec Info: latinmodern-math scale = 0.9999964596882403.


Package fontspec Info: latinmodern-math scale = 0.9999964596882403.


Package fontspec Info: latinmodern-math scale = 0.9999964596882403.


Package fontspec Info: latinmodern-math scale = 0.9999964596882403.


Package fontspec Info: latinmodern-math scale = 0.9999964596882403.


Package fontspec Info: Font family 'latinmodern-math.otf(1)' created for font
(fontspec)             'latinmodern-math.otf' with options
(fontspec)             [Scale=MatchLowercase,BoldItalicFont={},ItalicFont={},Sm
allCapsFont={},Script=Math,SizeFeatures={{Size=8.5-},{Size=6-8.5,Font=latinmode
rn-math.otf,Style=MathScript},{Size=-6,Font=latinmodern-math.otf,Style=MathScri
ptScript}},BoldFont={latinmodern-math.otf}].
(fontspec)              
(fontspec)              This font family consists of the following NFSS
(fontspec)             series/shapes:
(fontspec)              
(fontspec)             - 'normal' (m/n) with NFSS spec.:
(fontspec)             <8.5->s*[0.9999964596882403]"[latinmodern-math.otf]/OT:s
cript=math;language=dflt;"<6-8.5>s*[0.9999964596882403]"[latinmodern-math.otf]/
OT:script=math;language=dflt;+ssty=0;"<-6>s*[0.9999964596882403]"[latinmodern-m
ath.otf]/OT:script=math;language=dflt;+ssty=1;"
(fontspec)             - 'small caps'  (m/sc) with NFSS spec.: 
(fontspec)             - 'bold' (b/n) with NFSS spec.:
(fontspec)             <->s*[0.9999964596882403]"[latinmodern-math.otf]/OT:scri
pt=math;language=dflt;"
(fontspec)             - 'bold small caps'  (b/sc) with NFSS spec.: 

LaTeX Font Info:    Font shape `TU/latinmodern-math.otf(1)/m/n' will be
(Font)              scaled to size 10.0pt on input line 151.
LaTeX Font Info:    Encoding `OT1' has changed to `TU' for symbol font
(Font)              `operators' in the math version `normal' on input line 151.

LaTeX Font Info:    Overwriting symbol font `operators' in version `normal'
(Font)                  OT1/lmr/m/n --> TU/latinmodern-math.otf(1)/m/n on input
 line 151.
LaTeX Font Info:    Encoding `OT1' has changed to `TU' for symbol font
(Font)              `operators' in the math version `bold' on input line 151.
LaTeX Font Info:    Overwriting symbol font `operators' in version `bold'
(Font)                  OT1/lmr/bx/n --> TU/latinmodern-math.otf(1)/b/n on inpu
t line 151.

Package fontspec Info: latinmodern-math scale = 0.9999964596882403.


Package fontspec Info: latinmodern-math scale = 1.000096459334209.


Package fontspec Info: latinmodern-math scale = 0.9999964596882403.


Package fontspec Info: latinmodern-math scale = 1.000096459334209.


Package fontspec Info: latinmodern-math scale = 0.9999964596882403.


Package fontspec Info: latinmodern-math scale = 1.000096459334209.


Package fontspec Info: latinmodern-math scale = 0.9999964596882403.


Package fontspec Info: latinmodern-math scale = 1.000096459334209.


Package fontspec Info: latinmodern-math scale = 0.9999964596882403.


Package fontspec Info: latinmodern-math scale = 1.000096459334209.


Package fontspec Info: Font family 'latinmodern-math.otf(2)' created for font
(fontspec)             'latinmodern-math.otf' with options
(fontspec)             [Scale=MatchLowercase,BoldItalicFont={},ItalicFont={},Sm
allCapsFont={},Script=Math,SizeFeatures={{Size=8.5-},{Size=6-8.5,Font=latinmode
rn-math.otf,Style=MathScript},{Size=-6,Font=latinmodern-math.otf,Style=MathScri
ptScript}},BoldFont={latinmodern-math.otf},ScaleAgain=1.0001,FontAdjustment={\f
ontdimen
(fontspec)             8\font =6.77pt\relax \fontdimen 9\font =3.94pt\relax
(fontspec)             \fontdimen 10\font =4.44pt\relax \fontdimen 11\font
(fontspec)             =6.86pt\relax \fontdimen 12\font =3.45pt\relax
(fontspec)             \fontdimen 13\font =3.63pt\relax \fontdimen 14\font
(fontspec)             =3.63pt\relax \fontdimen 15\font =2.89pt\relax
(fontspec)             \fontdimen 16\font =2.47pt\relax \fontdimen 17\font
(fontspec)             =2.47pt\relax \fontdimen 18\font =2.5pt\relax
(fontspec)             \fontdimen 19\font =2.0pt\relax \fontdimen 22\font
(fontspec)             =2.5pt\relax \fontdimen 20\font =0pt\relax \fontdimen
(fontspec)             21\font =0pt\relax }].
(fontspec)              
(fontspec)              This font family consists of the following NFSS
(fontspec)             series/shapes:
(fontspec)              
(fontspec)             - 'normal' (m/n) with NFSS spec.:
(fontspec)             <8.5->s*[1.000096459334209]"[latinmodern-math.otf]/OT:sc
ript=math;language=dflt;"<6-8.5>s*[1.000096459334209]"[latinmodern-math.otf]/OT
:script=math;language=dflt;+ssty=0;"<-6>s*[1.000096459334209]"[latinmodern-math
.otf]/OT:script=math;language=dflt;+ssty=1;"
(fontspec)             - 'small caps'  (m/sc) with NFSS spec.: 
(fontspec)             and font adjustment code:
(fontspec)             \fontdimen 8\font =6.77pt\relax \fontdimen 9\font
(fontspec)             =3.94pt\relax \fontdimen 10\font =4.44pt\relax
(fontspec)             \fontdimen 11\font =6.86pt\relax \fontdimen 12\font
(fontspec)             =3.45pt\relax \fontdimen 13\font =3.63pt\relax
(fontspec)             \fontdimen 14\font =3.63pt\relax \fontdimen 15\font
(fontspec)             =2.89pt\relax \fontdimen 16\font =2.47pt\relax
(fontspec)             \fontdimen 17\font =2.47pt\relax \fontdimen 18\font
(fontspec)             =2.5pt\relax \fontdimen 19\font =2.0pt\relax \fontdimen
(fontspec)             22\font =2.5pt\relax \fontdimen 20\font =0pt\relax
(fontspec)             \fontdimen 21\font =0pt\relax 
(fontspec)             - 'bold' (b/n) with NFSS spec.:
(fontspec)             <->s*[1.000096459334209]"[latinmodern-math.otf]/OT:scrip
t=math;language=dflt;"
(fontspec)             - 'bold small caps'  (b/sc) with NFSS spec.: 
(fontspec)             and font adjustment code:
(fontspec)             \fontdimen 8\font =6.77pt\relax \fontdimen 9\font
(fontspec)             =3.94pt\relax \fontdimen 10\font =4.44pt\relax
(fontspec)             \fontdimen 11\font =6.86pt\relax \fontdimen 12\font
(fontspec)             =3.45pt\relax \fontdimen 13\font =3.63pt\relax
(fontspec)             \fontdimen 14\font =3.63pt\relax \fontdimen 15\font
(fontspec)             =2.89pt\relax \fontdimen 16\font =2.47pt\relax
(fontspec)             \fontdimen 17\font =2.47pt\relax \fontdimen 18\font
(fontspec)             =2.5pt\relax \fontdimen 19\font =2.0pt\relax \fontdimen
(fontspec)             22\font =2.5pt\relax \fontdimen 20\font =0pt\relax
(fontspec)             \fontdimen 21\font =0pt\relax 

LaTeX Font Info:    Encoding `OMS' has changed to `TU' for symbol font
(Font)              `symbols' in the math version `normal' on input line 151.
LaTeX Font Info:    Overwriting symbol font `symbols' in version `normal'
(Font)                  OMS/lmsy/m/n --> TU/latinmodern-math.otf(2)/m/n on inpu
t line 151.
LaTeX Font Info:    Encoding `OMS' has changed to `TU' for symbol font
(Font)              `symbols' in the math version `bold' on input line 151.
LaTeX Font Info:    Overwriting symbol font `symbols' in version `bold'
(Font)                  OMS/lmsy/b/n --> TU/latinmodern-math.otf(2)/b/n on inpu
t line 151.

Package fontspec Info: latinmodern-math scale = 0.9999964596882403.


Package fontspec Info: latinmodern-math scale = 0.9998964600422715.


Package fontspec Info: latinmodern-math scale = 0.9999964596882403.


Package fontspec Info: latinmodern-math scale = 0.9998964600422715.


Package fontspec Info: latinmodern-math scale = 0.9999964596882403.


Package fontspec Info: latinmodern-math scale = 0.9998964600422715.


Package fontspec Info: latinmodern-math scale = 0.9999964596882403.


Package fontspec Info: latinmodern-math scale = 0.9998964600422715.


Package fontspec Info: latinmodern-math scale = 0.9999964596882403.


Package fontspec Info: latinmodern-math scale = 0.9998964600422715.


Package fontspec Info: Font family 'latinmodern-math.otf(3)' created for font
(fontspec)             'latinmodern-math.otf' with options
(fontspec)             [Scale=MatchLowercase,BoldItalicFont={},ItalicFont={},Sm
allCapsFont={},Script=Math,SizeFeatures={{Size=8.5-},{Size=6-8.5,Font=latinmode
rn-math.otf,Style=MathScript},{Size=-6,Font=latinmodern-math.otf,Style=MathScri
ptScript}},BoldFont={latinmodern-math.otf},ScaleAgain=0.9999,FontAdjustment={\f
ontdimen
(fontspec)             8\font =0.4pt\relax \fontdimen 9\font =2.0pt\relax
(fontspec)             \fontdimen 10\font =1.67pt\relax \fontdimen 11\font
(fontspec)             =1.11pt\relax \fontdimen 12\font =6.0pt\relax
(fontspec)             \fontdimen 13\font =0pt\relax }].
(fontspec)              
(fontspec)              This font family consists of the following NFSS
(fontspec)             series/shapes:
(fontspec)              
(fontspec)             - 'normal' (m/n) with NFSS spec.:
(fontspec)             <8.5->s*[0.9998964600422715]"[latinmodern-math.otf]/OT:s
cript=math;language=dflt;"<6-8.5>s*[0.9998964600422715]"[latinmodern-math.otf]/
OT:script=math;language=dflt;+ssty=0;"<-6>s*[0.9998964600422715]"[latinmodern-m
ath.otf]/OT:script=math;language=dflt;+ssty=1;"
(fontspec)             - 'small caps'  (m/sc) with NFSS spec.: 
(fontspec)             and font adjustment code:
(fontspec)             \fontdimen 8\font =0.4pt\relax \fontdimen 9\font
(fontspec)             =2.0pt\relax \fontdimen 10\font =1.67pt\relax
(fontspec)             \fontdimen 11\font =1.11pt\relax \fontdimen 12\font
(fontspec)             =6.0pt\relax \fontdimen 13\font =0pt\relax 
(fontspec)             - 'bold' (b/n) with NFSS spec.:
(fontspec)             <->s*[0.9998964600422715]"[latinmodern-math.otf]/OT:scri
pt=math;language=dflt;"
(fontspec)             - 'bold small caps'  (b/sc) with NFSS spec.: 
(fontspec)             and font adjustment code:
(fontspec)             \fontdimen 8\font =0.4pt\relax \fontdimen 9\font
(fontspec)             =2.0pt\relax \fontdimen 10\font =1.67pt\relax
(fontspec)             \fontdimen 11\font =1.11pt\relax \fontdimen 12\font
(fontspec)             =6.0pt\relax \fontdimen 13\font =0pt\relax 

LaTeX Font Info:    Encoding `OMX' has changed to `TU' for symbol font
(Font)              `largesymbols' in the math version `normal' on input line 1
51.
LaTeX Font Info:    Overwriting symbol font `largesymbols' in version `normal'
(Font)                  OMX/lmex/m/n --> TU/latinmodern-math.otf(3)/m/n on inpu
t line 151.
LaTeX Font Info:    Encoding `OMX' has changed to `TU' for symbol font
(Font)              `largesymbols' in the math version `bold' on input line 151
.
LaTeX Font Info:    Overwriting symbol font `largesymbols' in version `bold'
(Font)                  OMX/lmex/m/n --> TU/latinmodern-math.otf(3)/b/n on inpu
t line 151.
\AtBeginShipoutBox=\box55
Package hyperref Info: Link coloring OFF on input line 151.

(c:/Users/Cleber.PROFCLEBER/AppData/Roaming/TinyTeX/texmf-dist/tex/latex/hyperr
ef/nameref.sty
Package: nameref 2019/09/16 v2.46 Cross-referencing by name of section

(c:/Users/Cleber.PROFCLEBER/AppData/Roaming/TinyTeX/texmf-dist/tex/latex/refcou
nt/refcount.sty
Package: refcount 2019/12/15 v3.6 Data extraction from label references (HO)
)
(c:/Users/Cleber.PROFCLEBER/AppData/Roaming/TinyTeX/texmf-dist/tex/generic/gett
itlestring/gettitlestring.sty
Package: gettitlestring 2019/12/15 v1.6 Cleanup title references (HO)
)
\c@section@level=\count309
)
LaTeX Info: Redefining \ref on input line 151.
LaTeX Info: Redefining \pageref on input line 151.
LaTeX Info: Redefining \nameref on input line 151.
(./Econometria-e-series-temporais-com-o-R.out) (./Econometria-e-series-temporai
s-com-o-R.out)
\@outlinefile=\write4
\openout4 = `Econometria-e-series-temporais-com-o-R.out'.

*geometry* driver: auto-detecting
*geometry* detected driver: xetex
*geometry* verbose mode - [ preamble ] result:
* driver: xetex
* paper: <default>
* layout: <same size as paper>
* layoutoffset:(h,v)=(0.0pt,0.0pt)
* modes: twoside 
* h-part:(L,W,R)=(50.58878pt, 513.11745pt, 50.58878pt)
* v-part:(T,H,B)=(50.58878pt, 693.79243pt, 50.58878pt)
* \paperwidth=614.295pt
* \paperheight=794.96999pt
* \textwidth=513.11745pt
* \textheight=693.79243pt
* \oddsidemargin=-21.68121pt
* \evensidemargin=-21.68121pt
* \topmargin=-51.7487pt
* \headheight=12.0pt
* \headsep=18.06749pt
* \topskip=10.0pt
* \footskip=25.29494pt
* \marginparwidth=125.0pt
* \marginparsep=7.0pt
* \columnsep=10.0pt
* \skip\footins=9.0pt plus 4.0pt minus 2.0pt
* \hoffset=0.0pt
* \voffset=0.0pt
* \mag=1000
* \@twocolumnfalse
* \@twosidetrue
* \@mparswitchtrue
* \@reversemarginfalse
* (1in=72.27pt=25.4mm, 1cm=28.453pt)

LaTeX Font Info:    Font shape `TU/latinmodern-math.otf(1)/m/n' will be
(Font)              scaled to size 12.0pt on input line 153.
LaTeX Font Info:    Font shape `TU/latinmodern-math.otf(1)/m/n' will be
(Font)              scaled to size 8.0pt on input line 153.
LaTeX Font Info:    Font shape `TU/latinmodern-math.otf(1)/m/n' will be
(Font)              scaled to size 6.0pt on input line 153.
LaTeX Font Info:    Trying to load font information for OML+lmm on input line 1
53.

(c:/Users/Cleber.PROFCLEBER/AppData/Roaming/TinyTeX/texmf-dist/tex/latex/lm/oml
lmm.fd
File: omllmm.fd 2009/10/30 v1.6 Font defs for Latin Modern
)
LaTeX Font Info:    Font shape `TU/latinmodern-math.otf(2)/m/n' will be
(Font)              scaled to size 12.0011pt on input line 153.
LaTeX Font Info:    Font shape `TU/latinmodern-math.otf(2)/m/n' will be
(Font)              scaled to size 8.00073pt on input line 153.
LaTeX Font Info:    Font shape `TU/latinmodern-math.otf(2)/m/n' will be
(Font)              scaled to size 6.00055pt on input line 153.
LaTeX Font Info:    Font shape `TU/latinmodern-math.otf(3)/m/n' will be
(Font)              scaled to size 11.99872pt on input line 153.
LaTeX Font Info:    Font shape `TU/latinmodern-math.otf(3)/m/n' will be
(Font)              scaled to size 7.99915pt on input line 153.
LaTeX Font Info:    Font shape `TU/latinmodern-math.otf(3)/m/n' will be
(Font)              scaled to size 5.99936pt on input line 153.
LaTeX Font Info:    Trying to load font information for U+msa on input line 153
.

(c:/Users/Cleber.PROFCLEBER/AppData/Roaming/TinyTeX/texmf-dist/tex/latex/amsfon
ts/umsa.fd
File: umsa.fd 2013/01/14 v3.01 AMS symbols A
)
LaTeX Font Info:    Trying to load font information for U+msb on input line 153
.

(c:/Users/Cleber.PROFCLEBER/AppData/Roaming/TinyTeX/texmf-dist/tex/latex/amsfon
ts/umsb.fd
File: umsb.fd 2013/01/14 v3.01 AMS symbols B
) [1


] [2

] (./Econometria-e-series-temporais-com-o-R.toc
LaTeX Font Info:    Font shape `TU/latinmodern-math.otf(1)/m/n' will be
(Font)              scaled to size 7.0pt on input line 4.
LaTeX Font Info:    Font shape `TU/latinmodern-math.otf(1)/m/n' will be
(Font)              scaled to size 5.0pt on input line 4.
LaTeX Font Info:    Font shape `TU/latinmodern-math.otf(2)/m/n' will be
(Font)              scaled to size 10.00092pt on input line 4.
LaTeX Font Info:    Font shape `TU/latinmodern-math.otf(2)/m/n' will be
(Font)              scaled to size 7.00064pt on input line 4.
LaTeX Font Info:    Font shape `TU/latinmodern-math.otf(2)/m/n' will be
(Font)              scaled to size 5.00046pt on input line 4.
LaTeX Font Info:    Font shape `TU/latinmodern-math.otf(3)/m/n' will be
(Font)              scaled to size 9.99893pt on input line 4.
LaTeX Font Info:    Font shape `TU/latinmodern-math.otf(3)/m/n' will be
(Font)              scaled to size 6.99925pt on input line 4.
LaTeX Font Info:    Font shape `TU/latinmodern-math.otf(3)/m/n' will be
(Font)              scaled to size 4.99947pt on input line 4.
[3])
\tf@toc=\write5
\openout5 = `Econometria-e-series-temporais-com-o-R.toc'.

[4]
File: cover1.png Graphic file (type bmp)
<cover1.png>

LaTeX Warning: Float too large for page by 24.06573pt on input line 166.

[5

] [6] [7

] [8

]
Chapter 1.
File: 00-intro_files/figure-latex/tsint00-1.pdf Graphic file (type pdf)
<use 00-intro_files/figure-latex/tsint00-1.pdf>
File: 00-intro_files/figure-latex/tsint00-2.pdf Graphic file (type pdf)
<use 00-intro_files/figure-latex/tsint00-2.pdf>
File: 00-intro_files/figure-latex/tsint00-3.pdf Graphic file (type pdf)
<use 00-intro_files/figure-latex/tsint00-3.pdf>
File: 00-intro_files/figure-latex/tsint00-4.pdf Graphic file (type pdf)
<use 00-intro_files/figure-latex/tsint00-4.pdf>
[9]
File: Figuras/CRAN.png Graphic file (type bmp)
<Figuras/CRAN.png>
[10]
File: Figuras/RStudio.png Graphic file (type bmp)
<Figuras/RStudio.png>

LaTeX Warning: Reference `fig:rstudio2' on page 11 undefined on input line 237.



Package natbib Warning: Citation `rstudiocloud' on page 11 undefined on input l
ine 250.

File: Figuras/RStudioCloud.png Graphic file (type bmp)
<Figuras/RStudioCloud.png>
File: Figuras/RStudioCloud2.png Graphic file (type bmp)
<Figuras/RStudioCloud2.png>
[11] [12]
LaTeX Font Info:    Font shape `TU/lmtt/bx/n' in size <10> not available
(Font)              Font shape `TU/lmtt/b/n' tried instead on input line 272.
File: Figuras/sqrt.png Graphic file (type bmp)
<Figuras/sqrt.png>
File: Figuras/sqrt3.png Graphic file (type bmp)
<Figuras/sqrt3.png>
File: Figuras/sqrt2.png Graphic file (type bmp)
<Figuras/sqrt2.png>
LaTeX Font Info:    Font shape `TU/lmtt/bx/n' in size <12> not available
(Font)              Font shape `TU/lmtt/b/n' tried instead on input line 332.
[13] [14] [15]
Underfull \vbox (badness 10000) has occurred while \output is active []

[16] [17] [18] [19] [20] [21] [22] [23] [24] [25] [26] [27] [28] [29] [30] [31]
[32] [33]
LaTeX Font Info:    Font shape `TU/lmtt/bx/n' in size <14.4> not available
(Font)              Font shape `TU/lmtt/b/n' tried instead on input line 2122.
[34]
File: 00-intro_files/figure-latex/unnamed-chunk-63-1.pdf Graphic file (type pdf
)
<use 00-intro_files/figure-latex/unnamed-chunk-63-1.pdf>
[35] [36]
Chapter 2.
File: Figuras/dados-vp.jpg Graphic file (type bmp)
<Figuras/dados-vp.jpg>
[37

]
File: Figuras/VA.jpg Graphic file (type bmp)
<Figuras/VA.jpg>
[38]
Missing character: There is no ⧵ in font [latinmodern-math.otf]/OT:script=math;
language=dflt;!
[39] [40]
File: Figuras/Loc_Esc_Normal.jpg Graphic file (type bmp)
<Figuras/Loc_Esc_Normal.jpg>
[41] [42]
File: Figuras/chi_t_F_density.jpg Graphic file (type bmp)
<Figuras/chi_t_F_density.jpg>
[43]
File: Figuras/gfig1a.png Graphic file (type bmp)
<Figuras/gfig1a.png>
File: Figuras/gfig1b.png Graphic file (type bmp)
<Figuras/gfig1b.png>
File: Figuras/gfig1c.png Graphic file (type bmp)
<Figuras/gfig1c.png>
[44] [45] [46] [47] [48]
File: Figuras/vicio_var.png Graphic file (type bmp)
<Figuras/vicio_var.png>
[49] [50] [51] [52] [53] [54] [55] [56] [57] [58

]
Chapter 3.
File: 02-SeriesReg_files/figure-latex/figts1-1.pdf Graphic file (type pdf)
<use 02-SeriesReg_files/figure-latex/figts1-1.pdf>
[59] [60] [61] [62]
Missing character: There is no ≠ in font [lmroman10-regular]:mapping=tex-text;!
[63]
File: 02-SeriesReg_files/figure-latex/figcn-1.pdf Graphic file (type pdf)
<use 02-SeriesReg_files/figure-latex/figcn-1.pdf>
[64]
File: 02-SeriesReg_files/figure-latex/figpi-1.pdf Graphic file (type pdf)
<use 02-SeriesReg_files/figure-latex/figpi-1.pdf>
[65] [66] [67]
Underfull \vbox (badness 10000) has occurred while \output is active []

[68] [69]
Overfull \hbox (106.38255pt too wide) in paragraph at lines 3758--3758
[]\TU/lmtt/m/n/10 (ii) Qual o efeito de CP (curto prazo) de um crescimento das 
vendas da firma sobre o crescimento de estoques da firma?[] 
 []

[70]
Chapter 4.
[71

] [72]
File: 03-SeriesTemp_files/figure-latex/stac-1.pdf Graphic file (type pdf)
<use 03-SeriesTemp_files/figure-latex/stac-1.pdf>
File: 03-SeriesTemp_files/figure-latex/stac-2.pdf Graphic file (type pdf)
<use 03-SeriesTemp_files/figure-latex/stac-2.pdf>
[73]

LaTeX Warning: Reference `fig:nstac' on page 74 undefined on input line 3919.


LaTeX Warning: Reference `fig:nstac' on page 74 undefined on input line 3921.


LaTeX Warning: Reference `fig:nstac' on page 74 undefined on input line 3923.


LaTeX Warning: Reference `fig:nstac' on page 74 undefined on input line 3925.


LaTeX Warning: Reference `fig:nstac' on page 74 undefined on input line 3927.

File: 03-SeriesTemp_files/figure-latex/nsstac-1.pdf Graphic file (type pdf)
<use 03-SeriesTemp_files/figure-latex/nsstac-1.pdf>
File: 03-SeriesTemp_files/figure-latex/nsstac-2.pdf Graphic file (type pdf)
<use 03-SeriesTemp_files/figure-latex/nsstac-2.pdf>
File: 03-SeriesTemp_files/figure-latex/nsstac-3.pdf Graphic file (type pdf)
<use 03-SeriesTemp_files/figure-latex/nsstac-3.pdf>
File: 03-SeriesTemp_files/figure-latex/nsstac-4.pdf Graphic file (type pdf)
<use 03-SeriesTemp_files/figure-latex/nsstac-4.pdf>

Underfull \hbox (badness 10000) in paragraph at lines 3932--3932
[][] []
 []

[74] [75] [76] [77] [78] [79]
File: 03-SeriesTemp_files/figure-latex/rbsim-1.pdf Graphic file (type pdf)
<use 03-SeriesTemp_files/figure-latex/rbsim-1.pdf>
File: 03-SeriesTemp_files/figure-latex/rbsim-2.pdf Graphic file (type pdf)
<use 03-SeriesTemp_files/figure-latex/rbsim-2.pdf>
File: 03-SeriesTemp_files/figure-latex/rbsim-3.pdf Graphic file (type pdf)
<use 03-SeriesTemp_files/figure-latex/rbsim-3.pdf>

LaTeX Warning: Reference `(' on page 80 undefined on input line 4254.


LaTeX Warning: Reference `(' on page 80 undefined on input line 4254.

[80] [81] [82] [83]
Underfull \hbox (badness 10000) in paragraph at lines 4433--4434

 []

File: 03-SeriesTemp_files/figure-latex/rw-1.pdf Graphic file (type pdf)
<use 03-SeriesTemp_files/figure-latex/rw-1.pdf>
File: 03-SeriesTemp_files/figure-latex/rw-2.pdf Graphic file (type pdf)
<use 03-SeriesTemp_files/figure-latex/rw-2.pdf>
File: 03-SeriesTemp_files/figure-latex/rw-3.pdf Graphic file (type pdf)
<use 03-SeriesTemp_files/figure-latex/rw-3.pdf>

Underfull \hbox (badness 10000) in paragraph at lines 4466--4467

 []

[84]
Underfull \hbox (badness 10000) in paragraph at lines 4477--4478

 []

File: 03-SeriesTemp_files/figure-latex/ar105-1.pdf Graphic file (type pdf)
<use 03-SeriesTemp_files/figure-latex/ar105-1.pdf>
File: 03-SeriesTemp_files/figure-latex/ar105-2.pdf Graphic file (type pdf)
<use 03-SeriesTemp_files/figure-latex/ar105-2.pdf>
File: 03-SeriesTemp_files/figure-latex/ar105-3.pdf Graphic file (type pdf)
<use 03-SeriesTemp_files/figure-latex/ar105-3.pdf>
File: 03-SeriesTemp_files/figure-latex/arm105-1.pdf Graphic file (type pdf)
<use 03-SeriesTemp_files/figure-latex/arm105-1.pdf>
File: 03-SeriesTemp_files/figure-latex/arm105-2.pdf Graphic file (type pdf)
<use 03-SeriesTemp_files/figure-latex/arm105-2.pdf>
File: 03-SeriesTemp_files/figure-latex/arm105-3.pdf Graphic file (type pdf)
<use 03-SeriesTemp_files/figure-latex/arm105-3.pdf>
[85]
File: 03-SeriesTemp_files/figure-latex/ar108-1.pdf Graphic file (type pdf)
<use 03-SeriesTemp_files/figure-latex/ar108-1.pdf>
File: 03-SeriesTemp_files/figure-latex/ar108-2.pdf Graphic file (type pdf)
<use 03-SeriesTemp_files/figure-latex/ar108-2.pdf>
File: 03-SeriesTemp_files/figure-latex/ar108-3.pdf Graphic file (type pdf)
<use 03-SeriesTemp_files/figure-latex/ar108-3.pdf>
File: 03-SeriesTemp_files/figure-latex/ar2-1.pdf Graphic file (type pdf)
<use 03-SeriesTemp_files/figure-latex/ar2-1.pdf>
File: 03-SeriesTemp_files/figure-latex/ar2-2.pdf Graphic file (type pdf)
<use 03-SeriesTemp_files/figure-latex/ar2-2.pdf>
File: 03-SeriesTemp_files/figure-latex/ar2-3.pdf Graphic file (type pdf)
<use 03-SeriesTemp_files/figure-latex/ar2-3.pdf>
File: 03-SeriesTemp_files/figure-latex/ar3-1.pdf Graphic file (type pdf)
<use 03-SeriesTemp_files/figure-latex/ar3-1.pdf>
File: 03-SeriesTemp_files/figure-latex/ar3-2.pdf Graphic file (type pdf)
<use 03-SeriesTemp_files/figure-latex/ar3-2.pdf>
File: 03-SeriesTemp_files/figure-latex/ar3-3.pdf Graphic file (type pdf)
<use 03-SeriesTemp_files/figure-latex/ar3-3.pdf>
[86]
Underfull \hbox (badness 10000) in paragraph at lines 4569--4570

 []


Underfull \hbox (badness 10000) in paragraph at lines 4605--4606

 []


Underfull \hbox (badness 10000) in paragraph at lines 4614--4615

 []

[87]
Underfull \hbox (badness 10000) in paragraph at lines 4681--4682

 []

[88]
File: 03-SeriesTemp_files/figure-latex/ma11-1.pdf Graphic file (type pdf)
<use 03-SeriesTemp_files/figure-latex/ma11-1.pdf>
File: 03-SeriesTemp_files/figure-latex/ma11-2.pdf Graphic file (type pdf)
<use 03-SeriesTemp_files/figure-latex/ma11-2.pdf>
File: 03-SeriesTemp_files/figure-latex/ma11-3.pdf Graphic file (type pdf)
<use 03-SeriesTemp_files/figure-latex/ma11-3.pdf>
[89]
File: 03-SeriesTemp_files/figure-latex/ma1m08-1.pdf Graphic file (type pdf)
<use 03-SeriesTemp_files/figure-latex/ma1m08-1.pdf>
File: 03-SeriesTemp_files/figure-latex/ma1m08-2.pdf Graphic file (type pdf)
<use 03-SeriesTemp_files/figure-latex/ma1m08-2.pdf>
File: 03-SeriesTemp_files/figure-latex/ma1m08-3.pdf Graphic file (type pdf)
<use 03-SeriesTemp_files/figure-latex/ma1m08-3.pdf>
File: 03-SeriesTemp_files/figure-latex/ma1m0804-1.pdf Graphic file (type pdf)
<use 03-SeriesTemp_files/figure-latex/ma1m0804-1.pdf>
File: 03-SeriesTemp_files/figure-latex/ma1m0804-2.pdf Graphic file (type pdf)
<use 03-SeriesTemp_files/figure-latex/ma1m0804-2.pdf>
File: 03-SeriesTemp_files/figure-latex/ma1m0804-3.pdf Graphic file (type pdf)
<use 03-SeriesTemp_files/figure-latex/ma1m0804-3.pdf>
[90]
File: 03-SeriesTemp_files/figure-latex/ma1m080414-1.pdf Graphic file (type pdf)

<use 03-SeriesTemp_files/figure-latex/ma1m080414-1.pdf>
File: 03-SeriesTemp_files/figure-latex/ma1m080414-2.pdf Graphic file (type pdf)

<use 03-SeriesTemp_files/figure-latex/ma1m080414-2.pdf>
File: 03-SeriesTemp_files/figure-latex/ma1m080414-3.pdf Graphic file (type pdf)

<use 03-SeriesTemp_files/figure-latex/ma1m080414-3.pdf>
[91]

LaTeX Warning: Reference `sec:subar1' on page 92 undefined on input line 4873.

[92]

LaTeX Warning: Reference `invert_def' on page 93 undefined on input line 4927.

[93] [94]
Overfull \hbox (242.88255pt too wide) in paragraph at lines 5094--5094
[]\TU/lmtt/m/n/10 |    a\) Supondo que $E(y_t)=\mu$ e que $y_t=c_0+\beta_1y_{t-
1}+e_t+\alpha_1e_{t-1}$, calcule o valor de $c_0$ em termos de $\mu$ e $\beta_{
1}$.[] 
 []

[95] [96]
File: 03-SeriesTemp_files/figure-latex/exarma-1.pdf Graphic file (type pdf)
<use 03-SeriesTemp_files/figure-latex/exarma-1.pdf>
[97]
File: 03-SeriesTemp_files/figure-latex/exarmapf-1.pdf Graphic file (type pdf)
<use 03-SeriesTemp_files/figure-latex/exarmapf-1.pdf>
File: 03-SeriesTemp_files/figure-latex/exarmapf-2.pdf Graphic file (type pdf)
<use 03-SeriesTemp_files/figure-latex/exarmapf-2.pdf>
[98]
Chapter 5.
File: 04-SeriesTempNaoEstac_files/figure-latex/nstac2-1.pdf Graphic file (type 
pdf)
<use 04-SeriesTempNaoEstac_files/figure-latex/nstac2-1.pdf>
File: 04-SeriesTempNaoEstac_files/figure-latex/nstac2-2.pdf Graphic file (type 
pdf)
<use 04-SeriesTempNaoEstac_files/figure-latex/nstac2-2.pdf>
File: 04-SeriesTempNaoEstac_files/figure-latex/nstac2-3.pdf Graphic file (type 
pdf)
<use 04-SeriesTempNaoEstac_files/figure-latex/nstac2-3.pdf>
File: 04-SeriesTempNaoEstac_files/figure-latex/nstac2-4.pdf Graphic file (type 
pdf)
<use 04-SeriesTempNaoEstac_files/figure-latex/nstac2-4.pdf>

Underfull \hbox (badness 10000) in paragraph at lines 5263--5263
[][] []
 []

[99

]
File: 04-SeriesTempNaoEstac_files/figure-latex/combustivel-1.pdf Graphic file (
type pdf)
<use 04-SeriesTempNaoEstac_files/figure-latex/combustivel-1.pdf>
File: 04-SeriesTempNaoEstac_files/figure-latex/desocupados-1.pdf Graphic file (
type pdf)
<use 04-SeriesTempNaoEstac_files/figure-latex/desocupados-1.pdf>
[100] [101]
File: 04-SeriesTempNaoEstac_files/figure-latex/shadcurve-1.pdf Graphic file (ty
pe pdf)
<use 04-SeriesTempNaoEstac_files/figure-latex/shadcurve-1.pdf>
Missing character: There is no 𝛥 in font [lmroman10-regular]:mapping=tex-text;!
[102] [103] [104]
File: 04-SeriesTempNaoEstac_files/figure-latex/diffpa-1.pdf Graphic file (type 
pdf)
<use 04-SeriesTempNaoEstac_files/figure-latex/diffpa-1.pdf>
File: 04-SeriesTempNaoEstac_files/figure-latex/diffpa-2.pdf Graphic file (type 
pdf)
<use 04-SeriesTempNaoEstac_files/figure-latex/diffpa-2.pdf>

Underfull \vbox (badness 10000) has occurred while \output is active []

[105]
File: 04-SeriesTempNaoEstac_files/figure-latex/diff2-1.pdf Graphic file (type p
df)
<use 04-SeriesTempNaoEstac_files/figure-latex/diff2-1.pdf>
[106]
Underfull \vbox (badness 10000) has occurred while \output is active []

[107]
File: 04-SeriesTempNaoEstac_files/figure-latex/prev-1.pdf Graphic file (type pd
f)
<use 04-SeriesTempNaoEstac_files/figure-latex/prev-1.pdf>
[108] [109]
Underfull \vbox (badness 1205) has occurred while \output is active []

[110]
File: 04-SeriesTempNaoEstac_files/figure-latex/I1I1-1.pdf Graphic file (type pd
f)
<use 04-SeriesTempNaoEstac_files/figure-latex/I1I1-1.pdf>
[111]

LaTeX Warning: Reference `qeqd' on page 112 undefined on input line 5727.

[112] [113]
File: 04-SeriesTempNaoEstac_files/figure-latex/bjfig-1.pdf Graphic file (type p
df)
<use 04-SeriesTempNaoEstac_files/figure-latex/bjfig-1.pdf>
File: 04-SeriesTempNaoEstac_files/figure-latex/bjfig-2.pdf Graphic file (type p
df)
<use 04-SeriesTempNaoEstac_files/figure-latex/bjfig-2.pdf>
File: 04-SeriesTempNaoEstac_files/figure-latex/bjfig-3.pdf Graphic file (type p
df)
<use 04-SeriesTempNaoEstac_files/figure-latex/bjfig-3.pdf>
File: 04-SeriesTempNaoEstac_files/figure-latex/figcs-1.pdf Graphic file (type p
df)
<use 04-SeriesTempNaoEstac_files/figure-latex/figcs-1.pdf>
File: 04-SeriesTempNaoEstac_files/figure-latex/figcs-2.pdf Graphic file (type p
df)
<use 04-SeriesTempNaoEstac_files/figure-latex/figcs-2.pdf>
File: 04-SeriesTempNaoEstac_files/figure-latex/figcs-3.pdf Graphic file (type p
df)
<use 04-SeriesTempNaoEstac_files/figure-latex/figcs-3.pdf>
[114]

LaTeX Warning: Reference `aj' on page 115 undefined on input line 5875.

File: 04-SeriesTempNaoEstac_files/figure-latex/aj-1.pdf Graphic file (type pdf)

<use 04-SeriesTempNaoEstac_files/figure-latex/aj-1.pdf>
File: 04-SeriesTempNaoEstac_files/figure-latex/aj-2.pdf Graphic file (type pdf)

<use 04-SeriesTempNaoEstac_files/figure-latex/aj-2.pdf>
File: 04-SeriesTempNaoEstac_files/figure-latex/aj-3.pdf Graphic file (type pdf)

<use 04-SeriesTempNaoEstac_files/figure-latex/aj-3.pdf>

Overfull \hbox (64.62268pt too wide) in paragraph at lines 5877--5880
[]\TU/lmr/m/n/10 \begin{figure} [] [] []
 []


Overfull \hbox (7.70712pt too wide) in paragraph at lines 5892--5893
[]\TU/lmr/m/n/10 Teste 
 []


Overfull \hbox (7.70712pt too wide) in paragraph at lines 5904--5905
[]\TU/lmr/m/n/10 Teste 
 []


Overfull \hbox (7.70712pt too wide) in paragraph at lines 5916--5917
[]\TU/lmr/m/n/10 Teste 
 []


Overfull \hbox (5.62pt too wide) in alignment at lines 5883--5925
 [] [] [] [] [] [] [] [] [] [] [] [] [] [] [] [] [] [] [] 
 []


Overfull \hbox (11.55711pt too wide) in paragraph at lines 5933--5934
[]\TU/lmr/m/n/10 PACF|  
 []


Overfull \hbox (11.55711pt too wide) in paragraph at lines 5945--5946
[]\TU/lmr/m/n/10 PACF|  
 []


Overfull \hbox (1.32712pt too wide) in paragraph at lines 5949--5950
\TU/lmr/m/n/10 stat|  
 []


Overfull \hbox (10.70547pt too wide) in paragraph at lines 5953--5954
[]\TU/lmr/m/n/10 ACF|  
 []


Overfull \hbox (11.55711pt too wide) in paragraph at lines 5957--5958
[]\TU/lmr/m/n/10 PACF|  
 []


Overfull \hbox (1.32712pt too wide) in paragraph at lines 5961--5962
\TU/lmr/m/n/10 stat|  
 []


Overfull \hbox (2.25876pt too wide) in paragraph at lines 5968--5969
\TU/lmr/m/n/10 0.483|  
 []


Overfull \hbox (4.73547pt too wide) in paragraph at lines 5970--5971
[]\TU/lmr/m/n/10 ***|  
 []


Overfull \hbox (7.38712pt too wide) in paragraph at lines 5972--5973
\TU/lmr/m/n/10 0.483|  
 []


Overfull \hbox (4.73547pt too wide) in paragraph at lines 5974--5975
[]\TU/lmr/m/n/10 ***|  
 []


Overfull \hbox (2.25876pt too wide) in paragraph at lines 5976--5977
[]\TU/lmr/m/n/10 47.49|  
 []


Overfull \hbox (2.25876pt too wide) in paragraph at lines 5980--5981
\TU/lmr/m/n/10 0.406|  
 []


Overfull \hbox (4.73547pt too wide) in paragraph at lines 5982--5983
[]\TU/lmr/m/n/10 ***|  
 []


Overfull \hbox (7.38712pt too wide) in paragraph at lines 5984--5985
\TU/lmr/m/n/10 0.406|  
 []


Overfull \hbox (4.73547pt too wide) in paragraph at lines 5986--5987
[]\TU/lmr/m/n/10 ***|  
 []


Overfull \hbox (7.38712pt too wide) in paragraph at lines 5988--5989
[]\TU/lmr/m/n/10 31.42|  
 []


Overfull \hbox (12.51547pt too wide) in paragraph at lines 5992--5993
\TU/lmr/m/n/10 0.031|  
 []


Overfull \hbox (7.38712pt too wide) in paragraph at lines 5996--5997
\TU/lmr/m/n/10 0.031|  
 []


Overfull \hbox (2.38712pt too wide) in paragraph at lines 6000--6001
[]\TU/lmr/m/n/10 0.19|  
 []


Overfull \hbox (2.25876pt too wide) in paragraph at lines 6007--6008
\TU/lmr/m/n/10 0.079|  
 []


Overfull \hbox (7.38712pt too wide) in paragraph at lines 6011--6012
\TU/lmr/m/n/10 0.408|  
 []


Overfull \hbox (4.73547pt too wide) in paragraph at lines 6013--6014
[]\TU/lmr/m/n/10 ***|  
 []


Overfull \hbox (2.25876pt too wide) in paragraph at lines 6015--6016
[]\TU/lmr/m/n/10 48.77|  
 []


Overfull \hbox (2.25876pt too wide) in paragraph at lines 6019--6020
[]\TU/lmr/m/n/10 0.044|  
 []


Overfull \hbox (7.38712pt too wide) in paragraph at lines 6023--6024
\TU/lmr/m/n/10 0.145|  
 []


Overfull \hbox (7.38712pt too wide) in paragraph at lines 6027--6028
[]\TU/lmr/m/n/10 31.79|  
 []


Overfull \hbox (12.51547pt too wide) in paragraph at lines 6031--6032
\TU/lmr/m/n/10 0.121|  
 []


Overfull \hbox (7.38712pt too wide) in paragraph at lines 6035--6036
\TU/lmr/m/n/10 0.122|  
 []


Overfull \hbox (2.38712pt too wide) in paragraph at lines 6039--6040
[]\TU/lmr/m/n/10 3.22|  
 []


Overfull \hbox (2.25876pt too wide) in paragraph at lines 6046--6047
[]\TU/lmr/m/n/10 0.089|  
 []


Overfull \hbox (7.38712pt too wide) in paragraph at lines 6050--6051
\TU/lmr/m/n/10 0.254|  
 []


Overfull \hbox (4.73547pt too wide) in paragraph at lines 6052--6053
[]\TU/lmr/m/n/10 ***|  
 []


Overfull \hbox (2.25876pt too wide) in paragraph at lines 6054--6055
[]\TU/lmr/m/n/10 50.40|  
 []


Overfull \hbox (2.25876pt too wide) in paragraph at lines 6058--6059
[]\TU/lmr/m/n/10 0.016|  
 []


Overfull \hbox (7.38712pt too wide) in paragraph at lines 6062--6063
\TU/lmr/m/n/10 0.026|  
 []


Overfull \hbox (7.38712pt too wide) in paragraph at lines 6066--6067
[]\TU/lmr/m/n/10 31.85|  
 []


Overfull \hbox (12.51547pt too wide) in paragraph at lines 6070--6071
[]\TU/lmr/m/n/10 0.089|  
 []


Overfull \hbox (7.38712pt too wide) in paragraph at lines 6074--6075
[]\TU/lmr/m/n/10 0.082|  
 []


Overfull \hbox (2.38712pt too wide) in paragraph at lines 6078--6079
[]\TU/lmr/m/n/10 4.88|  
 []


Overfull \hbox (2.25876pt too wide) in paragraph at lines 6085--6086
\TU/lmr/m/n/10 0.029|  
 []


Overfull \hbox (7.38712pt too wide) in paragraph at lines 6089--6090
\TU/lmr/m/n/10 0.216|  
 []


Overfull \hbox (4.73547pt too wide) in paragraph at lines 6091--6092
[]\TU/lmr/m/n/10 ***|  
 []


Overfull \hbox (2.25876pt too wide) in paragraph at lines 6093--6094
[]\TU/lmr/m/n/10 50.58|  
 []


Overfull \hbox (2.25876pt too wide) in paragraph at lines 6097--6098
[]\TU/lmr/m/n/10 0.030|  
 []


Overfull \hbox (7.38712pt too wide) in paragraph at lines 6101--6102
[]\TU/lmr/m/n/10 0.042|  
 []


Overfull \hbox (7.38712pt too wide) in paragraph at lines 6105--6106
[]\TU/lmr/m/n/10 32.03|  
 []


Overfull \hbox (12.51547pt too wide) in paragraph at lines 6109--6110
[]\TU/lmr/m/n/10 0.038|  
 []


Overfull \hbox (7.38712pt too wide) in paragraph at lines 6113--6114
[]\TU/lmr/m/n/10 0.029|  
 []


Overfull \hbox (2.38712pt too wide) in paragraph at lines 6117--6118
[]\TU/lmr/m/n/10 5.19|  
 []


Overfull \hbox (2.25876pt too wide) in paragraph at lines 6124--6125
[]\TU/lmr/m/n/10 0.044|  
 []


Overfull \hbox (7.38712pt too wide) in paragraph at lines 6128--6129
\TU/lmr/m/n/10 0.098|  
 []


Overfull \hbox (2.25876pt too wide) in paragraph at lines 6132--6133
[]\TU/lmr/m/n/10 50.98|  
 []


Overfull \hbox (2.25876pt too wide) in paragraph at lines 6136--6137
[]\TU/lmr/m/n/10 0.008|  
 []


Overfull \hbox (7.38712pt too wide) in paragraph at lines 6140--6141
[]\TU/lmr/m/n/10 0.052|  
 []


Overfull \hbox (7.38712pt too wide) in paragraph at lines 6144--6145
[]\TU/lmr/m/n/10 32.04|  
 []


Overfull \hbox (12.51547pt too wide) in paragraph at lines 6148--6149
[]\TU/lmr/m/n/10 0.066|  
 []


Overfull \hbox (7.38712pt too wide) in paragraph at lines 6152--6153
[]\TU/lmr/m/n/10 0.091|  
 []


Overfull \hbox (2.38712pt too wide) in paragraph at lines 6156--6157
[]\TU/lmr/m/n/10 6.12|  
 []


Overfull \hbox (2.25876pt too wide) in paragraph at lines 6163--6164
\TU/lmr/m/n/10 0.095|  
 []


Overfull \hbox (7.38712pt too wide) in paragraph at lines 6167--6168
\TU/lmr/m/n/10 0.189|  
 []


Overfull \hbox (4.73547pt too wide) in paragraph at lines 6169--6170
[]\TU/lmr/m/n/10 ***|  
 []


Overfull \hbox (2.25876pt too wide) in paragraph at lines 6171--6172
[]\TU/lmr/m/n/10 52.87|  
 []


Overfull \hbox (2.25876pt too wide) in paragraph at lines 6175--6176
\TU/lmr/m/n/10 0.020|  
 []


Overfull \hbox (7.38712pt too wide) in paragraph at lines 6179--6180
[]\TU/lmr/m/n/10 0.008|  
 []


Overfull \hbox (7.38712pt too wide) in paragraph at lines 6183--6184
[]\TU/lmr/m/n/10 32.12|  
 []


Overfull \hbox (12.51547pt too wide) in paragraph at lines 6187--6188
[]\TU/lmr/m/n/10 0.034|  
 []


Overfull \hbox (7.38712pt too wide) in paragraph at lines 6191--6192
[]\TU/lmr/m/n/10 0.040|  
 []


Overfull \hbox (2.38712pt too wide) in paragraph at lines 6195--6196
[]\TU/lmr/m/n/10 6.37|  
 []


Overfull \hbox (2.25876pt too wide) in paragraph at lines 6202--6203
[]\TU/lmr/m/n/10 0.072|  
 []


Overfull \hbox (7.38712pt too wide) in paragraph at lines 6206--6207
\TU/lmr/m/n/10 0.121|  
 []


Overfull \hbox (2.25876pt too wide) in paragraph at lines 6210--6211
[]\TU/lmr/m/n/10 53.99|  
 []


Overfull \hbox (2.25876pt too wide) in paragraph at lines 6214--6215
[]\TU/lmr/m/n/10 0.027|  
 []


Overfull \hbox (7.38712pt too wide) in paragraph at lines 6218--6219
[]\TU/lmr/m/n/10 0.023|  
 []


Overfull \hbox (7.38712pt too wide) in paragraph at lines 6222--6223
[]\TU/lmr/m/n/10 32.27|  
 []


Overfull \hbox (12.51547pt too wide) in paragraph at lines 6226--6227
[]\TU/lmr/m/n/10 0.053|  
 []


Overfull \hbox (7.38712pt too wide) in paragraph at lines 6230--6231
[]\TU/lmr/m/n/10 0.070|  
 []


Overfull \hbox (2.38712pt too wide) in paragraph at lines 6234--6235
[]\TU/lmr/m/n/10 6.96|  
 []


Overfull \hbox (2.25876pt too wide) in paragraph at lines 6241--6242
\TU/lmr/m/n/10 0.002|  
 []


Overfull \hbox (7.38712pt too wide) in paragraph at lines 6245--6246
\TU/lmr/m/n/10 0.100|  
 []


Overfull \hbox (2.25876pt too wide) in paragraph at lines 6249--6250
[]\TU/lmr/m/n/10 53.99|  
 []


Overfull \hbox (2.25876pt too wide) in paragraph at lines 6253--6254
[]\TU/lmr/m/n/10 0.045|  
 []


Overfull \hbox (7.38712pt too wide) in paragraph at lines 6257--6258
[]\TU/lmr/m/n/10 0.075|  
 []


Overfull \hbox (7.38712pt too wide) in paragraph at lines 6261--6262
[]\TU/lmr/m/n/10 32.68|  
 []


Overfull \hbox (12.51547pt too wide) in paragraph at lines 6265--6266
\TU/lmr/m/n/10 0.031|  
 []


Overfull \hbox (7.38712pt too wide) in paragraph at lines 6269--6270
\TU/lmr/m/n/10 0.035|  
 []


Overfull \hbox (2.38712pt too wide) in paragraph at lines 6273--6274
[]\TU/lmr/m/n/10 7.18|  
 []


Overfull \hbox (2.25876pt too wide) in paragraph at lines 6280--6281
\TU/lmr/m/n/10 0.108|  
 []


Overfull \hbox (7.38712pt too wide) in paragraph at lines 6284--6285
\TU/lmr/m/n/10 0.249|  
 []


Overfull \hbox (4.73547pt too wide) in paragraph at lines 6286--6287
[]\TU/lmr/m/n/10 ***|  
 []


Overfull \hbox (2.25876pt too wide) in paragraph at lines 6288--6289
[]\TU/lmr/m/n/10 56.49|  
 []


Overfull \hbox (2.25876pt too wide) in paragraph at lines 6292--6293
\TU/lmr/m/n/10 0.096|  
 []


Overfull \hbox (7.38712pt too wide) in paragraph at lines 6296--6297
\TU/lmr/m/n/10 0.056|  
 []


Overfull \hbox (7.38712pt too wide) in paragraph at lines 6300--6301
[]\TU/lmr/m/n/10 34.52|  
 []


Overfull \hbox (12.51547pt too wide) in paragraph at lines 6304--6305
[]\TU/lmr/m/n/10 0.043|  
 []


Overfull \hbox (7.38712pt too wide) in paragraph at lines 6308--6309
[]\TU/lmr/m/n/10 0.045|  
 []


Overfull \hbox (2.38712pt too wide) in paragraph at lines 6312--6313
[]\TU/lmr/m/n/10 7.58|  
 []


Overfull \hbox (2.25876pt too wide) in paragraph at lines 6319--6320
[]\TU/lmr/m/n/10 0.167|  
 []


Overfull \hbox (7.38712pt too wide) in paragraph at lines 6323--6324
\TU/lmr/m/n/10 0.090|  
 []


Overfull \hbox (2.25876pt too wide) in paragraph at lines 6327--6328
[]\TU/lmr/m/n/10 62.44|  
 []


Overfull \hbox (2.25876pt too wide) in paragraph at lines 6331--6332
[]\TU/lmr/m/n/10 0.122|  
 []


Overfull \hbox (7.38712pt too wide) in paragraph at lines 6335--6336
[]\TU/lmr/m/n/10 0.073|  
 []


Overfull \hbox (7.38712pt too wide) in paragraph at lines 6339--6340
[]\TU/lmr/m/n/10 37.54|  
 []


Overfull \hbox (12.51547pt too wide) in paragraph at lines 6343--6344
[]\TU/lmr/m/n/10 0.048|  
 []


Overfull \hbox (7.38712pt too wide) in paragraph at lines 6347--6348
[]\TU/lmr/m/n/10 0.023|  
 []


Overfull \hbox (2.38712pt too wide) in paragraph at lines 6351--6352
[]\TU/lmr/m/n/10 8.09|  
 []


Overfull \hbox (5.62pt too wide) in alignment at lines 5925--6356
 [] [] [] [] [] [] [] [] [] [] [] [] [] [] [] [] [] [] [] 
 []

[115] [116] [117]
Missing character: There is no 𝛥 in font [lmroman10-regular]:mapping=tex-text;!
Missing character: There is no 𝛽 in font [lmroman10-regular]:mapping=tex-text;!
Missing character: There is no 𝛽 in font [lmroman10-regular]:mapping=tex-text;!
Missing character: There is no 𝛽 in font [lmroman10-regular]:mapping=tex-text;!
Missing character: There is no 𝛽 in font [lmroman10-regular]:mapping=tex-text;!
Missing character: There is no 𝛥 in font [lmroman10-italic]:mapping=tex-text;!
[118]
Missing character: There is no 𝛿 in font [lmroman10-regular]:mapping=tex-text;!
Missing character: There is no 𝜙 in font [lmroman10-regular]:mapping=tex-text;!
[119] [120] [121] [122

]
Chapter 6.
[123] [124]

LaTeX Warning: Reference `eqERROM' on page 125 undefined on input line 6804.


LaTeX Warning: Reference `neghs' on page 125 undefined on input line 6809.


LaTeX Warning: Reference `eqERROM' on page 125 undefined on input line 6809.


LaTeX Warning: Reference `eqERROM' on page 125 undefined on input line 6814.

[125]

LaTeX Warning: Reference `eqConBI_1' on page 126 undefined on input line 6838.

[126]

LaTeX Warning: Reference `(' on page 127 undefined on input line 6929.

[127]

LaTeX Warning: Reference `eq:abs2' on page 128 undefined on input line 6996.

[128]

LaTeX Warning: Reference `eq:formared' on page 129 undefined on input line 7031
.


LaTeX Warning: Reference `eq:formared' on page 129 undefined on input line 7042
.

[129] [130] [131] [132] [133] (./Econometria-e-series-temporais-com-o-R.bbl [13
4])

Package natbib Warning: There were undefined citations.

Package atveryend Info: Empty hook `BeforeClearDocument' on input line 7316.
[135

]
Package atveryend Info: Empty hook `AfterLastShipout' on input line 7316.
(./Econometria-e-series-temporais-com-o-R.aux)
Package atveryend Info: Empty hook `AtVeryEndDocument' on input line 7316.
Package atveryend Info: Executing hook `AtEndAfterFileList' on input line 7316.

Package rerunfilecheck Info: File `Econometria-e-series-temporais-com-o-R.out' 
has not changed.
(rerunfilecheck)             Checksum: F34C31E8D920376C5232D4944F621660;9623.

LaTeX Warning: There were undefined references.


LaTeX Warning: There were multiply-defined labels.

Package atveryend Info: Empty hook `AtVeryVeryEnd' on input line 7316.
 ) 
Here is how much of TeX's memory you used:
 19177 strings out of 481704
 354591 string characters out of 5931134
 816247 words of memory out of 5000000
 35900 multiletter control sequences out of 15000+600000
 541651 words of font info for 96 fonts, out of 8000000 for 9000
 14 hyphenation exceptions out of 8191
 53i,15n,118p,1843b,533s stack positions out of 5000i,500n,10000p,200000b,80000s

Output written on Econometria-e-series-temporais-com-o-R.pdf (135 pages).
